INFO eshop-cache-group_jiangchuyoudeMacBook-Pro.local-1602158010212-ae69d6dc-leader-finder-thread kafka.consumer.ConsumerFetcherManager$LeaderFinderThread - [eshop-cache-group_jiangchuyoudeMacBook-Pro.local-1602158010212-ae69d6dc-leader-finder-thread], Starting 
INFO Thread-70 kafka.consumer.ZookeeperConsumerConnector - [eshop-cache-group_jiangchuyoudeMacBook-Pro.local-1602158010212-ae69d6dc], end rebalancing consumer eshop-cache-group_jiangchuyoudeMacBook-Pro.local-1602158010212-ae69d6dc try #0
INFO eshop-cache-group_jiangchuyoudeMacBook-Pro.local-1602158010212-ae69d6dc-leader-finder-thread kafka.utils.VerifiableProperties - Verifying properties
INFO eshop-cache-group_jiangchuyoudeMacBook-Pro.local-1602158010212-ae69d6dc-leader-finder-thread kafka.utils.VerifiableProperties - Property client.id is overridden to eshop-cache-group
INFO eshop-cache-group_jiangchuyoudeMacBook-Pro.local-1602158010212-ae69d6dc-leader-finder-thread kafka.utils.VerifiableProperties - Property metadata.broker.list is overridden to eshop-cache01:9092,eshop-cache02:9092,eshop-cache03:9092
INFO eshop-cache-group_jiangchuyoudeMacBook-Pro.local-1602158010212-ae69d6dc-leader-finder-thread kafka.utils.VerifiableProperties - Property request.timeout.ms is overridden to 30000
INFO eshop-cache-group_jiangchuyoudeMacBook-Pro.local-1602158010212-ae69d6dc-leader-finder-thread kafka.client.ClientUtils$ - Fetching metadata from broker id:3,host:eshop-cache03,port:9092 with correlation id 0 for 1 topic(s) Set(cache-message)
INFO eshop-cache-group_jiangchuyoudeMacBook-Pro.local-1602158010212-ae69d6dc-leader-finder-thread kafka.producer.SyncProducer - Connected to eshop-cache03:9092 for producing
INFO eshop-cache-group_jiangchuyoudeMacBook-Pro.local-1602158010212-ae69d6dc-leader-finder-thread kafka.producer.SyncProducer - Disconnecting from eshop-cache03:9092
INFO ConsumerFetcherThread-eshop-cache-group_jiangchuyoudeMacBook-Pro.local-1602158010212-ae69d6dc-0-3 kafka.consumer.ConsumerFetcherThread - [ConsumerFetcherThread-eshop-cache-group_jiangchuyoudeMacBook-Pro.local-1602158010212-ae69d6dc-0-3], Starting 
INFO eshop-cache-group_jiangchuyoudeMacBook-Pro.local-1602158010212-ae69d6dc-leader-finder-thread kafka.consumer.ConsumerFetcherManager - [ConsumerFetcherManager-1602158040276] Added fetcher for partitions ArrayBuffer([[cache-message,0], initOffset 32 to broker id:3,host:eshop-cache03,port:9092] )
INFO eshop-cache-group_jiangchuyoudeMacBook-Pro.local-1602158010212-ae69d6dc_watcher_executor kafka.consumer.ZookeeperConsumerConnector - [eshop-cache-group_jiangchuyoudeMacBook-Pro.local-1602158010212-ae69d6dc], begin rebalancing consumer eshop-cache-group_jiangchuyoudeMacBook-Pro.local-1602158010212-ae69d6dc try #0
INFO eshop-cache-group_jiangchuyoudeMacBook-Pro.local-1602158010212-ae69d6dc_watcher_executor kafka.consumer.ConsumerFetcherManager - [ConsumerFetcherManager-1602158040276] Stopping leader finder thread
INFO eshop-cache-group_jiangchuyoudeMacBook-Pro.local-1602158010212-ae69d6dc_watcher_executor kafka.consumer.ConsumerFetcherManager$LeaderFinderThread - [eshop-cache-group_jiangchuyoudeMacBook-Pro.local-1602158010212-ae69d6dc-leader-finder-thread], Shutting down
INFO eshop-cache-group_jiangchuyoudeMacBook-Pro.local-1602158010212-ae69d6dc-leader-finder-thread kafka.consumer.ConsumerFetcherManager$LeaderFinderThread - [eshop-cache-group_jiangchuyoudeMacBook-Pro.local-1602158010212-ae69d6dc-leader-finder-thread], Stopped 
INFO eshop-cache-group_jiangchuyoudeMacBook-Pro.local-1602158010212-ae69d6dc_watcher_executor kafka.consumer.ConsumerFetcherManager$LeaderFinderThread - [eshop-cache-group_jiangchuyoudeMacBook-Pro.local-1602158010212-ae69d6dc-leader-finder-thread], Shutdown completed
INFO eshop-cache-group_jiangchuyoudeMacBook-Pro.local-1602158010212-ae69d6dc_watcher_executor kafka.consumer.ConsumerFetcherManager - [ConsumerFetcherManager-1602158040276] Stopping all fetchers
INFO eshop-cache-group_jiangchuyoudeMacBook-Pro.local-1602158010212-ae69d6dc_watcher_executor kafka.consumer.ConsumerFetcherThread - [ConsumerFetcherThread-eshop-cache-group_jiangchuyoudeMacBook-Pro.local-1602158010212-ae69d6dc-0-3], Shutting down
WARN ConsumerFetcherThread-eshop-cache-group_jiangchuyoudeMacBook-Pro.local-1602158010212-ae69d6dc-0-3 kafka.consumer.SimpleConsumer - Reconnect due to socket error: null
INFO ConsumerFetcherThread-eshop-cache-group_jiangchuyoudeMacBook-Pro.local-1602158010212-ae69d6dc-0-3 kafka.consumer.ConsumerFetcherThread - [ConsumerFetcherThread-eshop-cache-group_jiangchuyoudeMacBook-Pro.local-1602158010212-ae69d6dc-0-3], Stopped 
INFO eshop-cache-group_jiangchuyoudeMacBook-Pro.local-1602158010212-ae69d6dc_watcher_executor kafka.consumer.ConsumerFetcherThread - [ConsumerFetcherThread-eshop-cache-group_jiangchuyoudeMacBook-Pro.local-1602158010212-ae69d6dc-0-3], Shutdown completed
INFO eshop-cache-group_jiangchuyoudeMacBook-Pro.local-1602158010212-ae69d6dc_watcher_executor kafka.consumer.ConsumerFetcherManager - [ConsumerFetcherManager-1602158040276] All connections stopped
INFO eshop-cache-group_jiangchuyoudeMacBook-Pro.local-1602158010212-ae69d6dc_watcher_executor kafka.consumer.ZookeeperConsumerConnector - [eshop-cache-group_jiangchuyoudeMacBook-Pro.local-1602158010212-ae69d6dc], Cleared all relevant queues for this fetcher
INFO eshop-cache-group_jiangchuyoudeMacBook-Pro.local-1602158010212-ae69d6dc_watcher_executor kafka.consumer.ZookeeperConsumerConnector - [eshop-cache-group_jiangchuyoudeMacBook-Pro.local-1602158010212-ae69d6dc], Cleared the data chunks in all the consumer message iterators
INFO eshop-cache-group_jiangchuyoudeMacBook-Pro.local-1602158010212-ae69d6dc_watcher_executor kafka.consumer.ZookeeperConsumerConnector - [eshop-cache-group_jiangchuyoudeMacBook-Pro.local-1602158010212-ae69d6dc], Committing all offsets after clearing the fetcher queues
INFO eshop-cache-group_jiangchuyoudeMacBook-Pro.local-1602158010212-ae69d6dc_watcher_executor kafka.consumer.ZookeeperConsumerConnector - [eshop-cache-group_jiangchuyoudeMacBook-Pro.local-1602158010212-ae69d6dc], Releasing partition ownership
INFO eshop-cache-group_jiangchuyoudeMacBook-Pro.local-1602158010212-ae69d6dc_watcher_executor kafka.consumer.ZookeeperConsumerConnector - [eshop-cache-group_jiangchuyoudeMacBook-Pro.local-1602158010212-ae69d6dc], Consumer eshop-cache-group_jiangchuyoudeMacBook-Pro.local-1602158010212-ae69d6dc rebalancing the following partitions: ArrayBuffer(0) for topic cache-message with consumers: List(eshop-cache-group_jiangchuyoudeMacBook-Pro.local-1602158010212-ae69d6dc-0, eshop-cache-group_jiangchuyoudeMacBook-Pro.local-1602158276639-b283a0cb-0)
INFO eshop-cache-group_jiangchuyoudeMacBook-Pro.local-1602158010212-ae69d6dc_watcher_executor kafka.consumer.ZookeeperConsumerConnector - [eshop-cache-group_jiangchuyoudeMacBook-Pro.local-1602158010212-ae69d6dc], eshop-cache-group_jiangchuyoudeMacBook-Pro.local-1602158010212-ae69d6dc-0 attempting to claim partition 0
INFO eshop-cache-group_jiangchuyoudeMacBook-Pro.local-1602158010212-ae69d6dc_watcher_executor kafka.consumer.ZookeeperConsumerConnector - [eshop-cache-group_jiangchuyoudeMacBook-Pro.local-1602158010212-ae69d6dc], eshop-cache-group_jiangchuyoudeMacBook-Pro.local-1602158010212-ae69d6dc-0 successfully owned partition 0 for topic cache-message
INFO eshop-cache-group_jiangchuyoudeMacBook-Pro.local-1602158010212-ae69d6dc_watcher_executor kafka.consumer.ZookeeperConsumerConnector - [eshop-cache-group_jiangchuyoudeMacBook-Pro.local-1602158010212-ae69d6dc], Updating the cache
INFO eshop-cache-group_jiangchuyoudeMacBook-Pro.local-1602158010212-ae69d6dc_watcher_executor kafka.consumer.ZookeeperConsumerConnector - [eshop-cache-group_jiangchuyoudeMacBook-Pro.local-1602158010212-ae69d6dc], Consumer eshop-cache-group_jiangchuyoudeMacBook-Pro.local-1602158010212-ae69d6dc selected partitions : cache-message:0: fetched offset = 34: consumed offset = 34
INFO eshop-cache-group_jiangchuyoudeMacBook-Pro.local-1602158010212-ae69d6dc_watcher_executor kafka.consumer.ZookeeperConsumerConnector - [eshop-cache-group_jiangchuyoudeMacBook-Pro.local-1602158010212-ae69d6dc], end rebalancing consumer eshop-cache-group_jiangchuyoudeMacBook-Pro.local-1602158010212-ae69d6dc try #0
INFO eshop-cache-group_jiangchuyoudeMacBook-Pro.local-1602158010212-ae69d6dc-leader-finder-thread kafka.consumer.ConsumerFetcherManager$LeaderFinderThread - [eshop-cache-group_jiangchuyoudeMacBook-Pro.local-1602158010212-ae69d6dc-leader-finder-thread], Starting 
INFO eshop-cache-group_jiangchuyoudeMacBook-Pro.local-1602158010212-ae69d6dc-leader-finder-thread kafka.utils.VerifiableProperties - Verifying properties
INFO eshop-cache-group_jiangchuyoudeMacBook-Pro.local-1602158010212-ae69d6dc-leader-finder-thread kafka.utils.VerifiableProperties - Property client.id is overridden to eshop-cache-group
INFO eshop-cache-group_jiangchuyoudeMacBook-Pro.local-1602158010212-ae69d6dc-leader-finder-thread kafka.utils.VerifiableProperties - Property metadata.broker.list is overridden to eshop-cache01:9092,eshop-cache02:9092,eshop-cache03:9092
INFO eshop-cache-group_jiangchuyoudeMacBook-Pro.local-1602158010212-ae69d6dc-leader-finder-thread kafka.utils.VerifiableProperties - Property request.timeout.ms is overridden to 30000
INFO eshop-cache-group_jiangchuyoudeMacBook-Pro.local-1602158010212-ae69d6dc-leader-finder-thread kafka.client.ClientUtils$ - Fetching metadata from broker id:1,host:eshop-cache02,port:9092 with correlation id 1 for 1 topic(s) Set(cache-message)
INFO eshop-cache-group_jiangchuyoudeMacBook-Pro.local-1602158010212-ae69d6dc-leader-finder-thread kafka.producer.SyncProducer - Connected to eshop-cache02:9092 for producing
INFO eshop-cache-group_jiangchuyoudeMacBook-Pro.local-1602158010212-ae69d6dc-leader-finder-thread kafka.producer.SyncProducer - Disconnecting from eshop-cache02:9092
INFO ConsumerFetcherThread-eshop-cache-group_jiangchuyoudeMacBook-Pro.local-1602158010212-ae69d6dc-0-3 kafka.consumer.ConsumerFetcherThread - [ConsumerFetcherThread-eshop-cache-group_jiangchuyoudeMacBook-Pro.local-1602158010212-ae69d6dc-0-3], Starting 
INFO eshop-cache-group_jiangchuyoudeMacBook-Pro.local-1602158010212-ae69d6dc-leader-finder-thread kafka.consumer.ConsumerFetcherManager - [ConsumerFetcherManager-1602158040276] Added fetcher for partitions ArrayBuffer([[cache-message,0], initOffset 34 to broker id:3,host:eshop-cache03,port:9092] )
INFO eshop-cache-group_jiangchuyoudeMacBook-Pro.local-1602158010212-ae69d6dc_watcher_executor kafka.consumer.ZookeeperConsumerConnector - [eshop-cache-group_jiangchuyoudeMacBook-Pro.local-1602158010212-ae69d6dc], begin rebalancing consumer eshop-cache-group_jiangchuyoudeMacBook-Pro.local-1602158010212-ae69d6dc try #0
INFO eshop-cache-group_jiangchuyoudeMacBook-Pro.local-1602158010212-ae69d6dc_watcher_executor kafka.consumer.ConsumerFetcherManager - [ConsumerFetcherManager-1602158040276] Stopping leader finder thread
INFO eshop-cache-group_jiangchuyoudeMacBook-Pro.local-1602158010212-ae69d6dc_watcher_executor kafka.consumer.ConsumerFetcherManager$LeaderFinderThread - [eshop-cache-group_jiangchuyoudeMacBook-Pro.local-1602158010212-ae69d6dc-leader-finder-thread], Shutting down
INFO eshop-cache-group_jiangchuyoudeMacBook-Pro.local-1602158010212-ae69d6dc_watcher_executor kafka.consumer.ConsumerFetcherManager$LeaderFinderThread - [eshop-cache-group_jiangchuyoudeMacBook-Pro.local-1602158010212-ae69d6dc-leader-finder-thread], Shutdown completed
INFO eshop-cache-group_jiangchuyoudeMacBook-Pro.local-1602158010212-ae69d6dc-leader-finder-thread kafka.consumer.ConsumerFetcherManager$LeaderFinderThread - [eshop-cache-group_jiangchuyoudeMacBook-Pro.local-1602158010212-ae69d6dc-leader-finder-thread], Stopped 
INFO eshop-cache-group_jiangchuyoudeMacBook-Pro.local-1602158010212-ae69d6dc_watcher_executor kafka.consumer.ConsumerFetcherManager - [ConsumerFetcherManager-1602158040276] Stopping all fetchers
INFO eshop-cache-group_jiangchuyoudeMacBook-Pro.local-1602158010212-ae69d6dc_watcher_executor kafka.consumer.ConsumerFetcherThread - [ConsumerFetcherThread-eshop-cache-group_jiangchuyoudeMacBook-Pro.local-1602158010212-ae69d6dc-0-3], Shutting down
WARN ConsumerFetcherThread-eshop-cache-group_jiangchuyoudeMacBook-Pro.local-1602158010212-ae69d6dc-0-3 kafka.consumer.SimpleConsumer - Reconnect due to socket error: null
INFO eshop-cache-group_jiangchuyoudeMacBook-Pro.local-1602158010212-ae69d6dc_watcher_executor kafka.consumer.ConsumerFetcherThread - [ConsumerFetcherThread-eshop-cache-group_jiangchuyoudeMacBook-Pro.local-1602158010212-ae69d6dc-0-3], Shutdown completed
INFO ConsumerFetcherThread-eshop-cache-group_jiangchuyoudeMacBook-Pro.local-1602158010212-ae69d6dc-0-3 kafka.consumer.ConsumerFetcherThread - [ConsumerFetcherThread-eshop-cache-group_jiangchuyoudeMacBook-Pro.local-1602158010212-ae69d6dc-0-3], Stopped 
INFO eshop-cache-group_jiangchuyoudeMacBook-Pro.local-1602158010212-ae69d6dc_watcher_executor kafka.consumer.ConsumerFetcherManager - [ConsumerFetcherManager-1602158040276] All connections stopped
INFO eshop-cache-group_jiangchuyoudeMacBook-Pro.local-1602158010212-ae69d6dc_watcher_executor kafka.consumer.ZookeeperConsumerConnector - [eshop-cache-group_jiangchuyoudeMacBook-Pro.local-1602158010212-ae69d6dc], Cleared all relevant queues for this fetcher
INFO eshop-cache-group_jiangchuyoudeMacBook-Pro.local-1602158010212-ae69d6dc_watcher_executor kafka.consumer.ZookeeperConsumerConnector - [eshop-cache-group_jiangchuyoudeMacBook-Pro.local-1602158010212-ae69d6dc], Cleared the data chunks in all the consumer message iterators
INFO eshop-cache-group_jiangchuyoudeMacBook-Pro.local-1602158010212-ae69d6dc_watcher_executor kafka.consumer.ZookeeperConsumerConnector - [eshop-cache-group_jiangchuyoudeMacBook-Pro.local-1602158010212-ae69d6dc], Committing all offsets after clearing the fetcher queues
INFO eshop-cache-group_jiangchuyoudeMacBook-Pro.local-1602158010212-ae69d6dc_watcher_executor kafka.consumer.ZookeeperConsumerConnector - [eshop-cache-group_jiangchuyoudeMacBook-Pro.local-1602158010212-ae69d6dc], Releasing partition ownership
INFO eshop-cache-group_jiangchuyoudeMacBook-Pro.local-1602158010212-ae69d6dc_watcher_executor kafka.consumer.ZookeeperConsumerConnector - [eshop-cache-group_jiangchuyoudeMacBook-Pro.local-1602158010212-ae69d6dc], Consumer eshop-cache-group_jiangchuyoudeMacBook-Pro.local-1602158010212-ae69d6dc rebalancing the following partitions: ArrayBuffer(0) for topic cache-message with consumers: List(eshop-cache-group_jiangchuyoudeMacBook-Pro.local-1602158010212-ae69d6dc-0)
INFO eshop-cache-group_jiangchuyoudeMacBook-Pro.local-1602158010212-ae69d6dc_watcher_executor kafka.consumer.ZookeeperConsumerConnector - [eshop-cache-group_jiangchuyoudeMacBook-Pro.local-1602158010212-ae69d6dc], eshop-cache-group_jiangchuyoudeMacBook-Pro.local-1602158010212-ae69d6dc-0 attempting to claim partition 0
INFO eshop-cache-group_jiangchuyoudeMacBook-Pro.local-1602158010212-ae69d6dc_watcher_executor kafka.consumer.ZookeeperConsumerConnector - [eshop-cache-group_jiangchuyoudeMacBook-Pro.local-1602158010212-ae69d6dc], eshop-cache-group_jiangchuyoudeMacBook-Pro.local-1602158010212-ae69d6dc-0 successfully owned partition 0 for topic cache-message
INFO eshop-cache-group_jiangchuyoudeMacBook-Pro.local-1602158010212-ae69d6dc_watcher_executor kafka.consumer.ZookeeperConsumerConnector - [eshop-cache-group_jiangchuyoudeMacBook-Pro.local-1602158010212-ae69d6dc], Updating the cache
INFO eshop-cache-group_jiangchuyoudeMacBook-Pro.local-1602158010212-ae69d6dc_watcher_executor kafka.consumer.ZookeeperConsumerConnector - [eshop-cache-group_jiangchuyoudeMacBook-Pro.local-1602158010212-ae69d6dc], Consumer eshop-cache-group_jiangchuyoudeMacBook-Pro.local-1602158010212-ae69d6dc selected partitions : cache-message:0: fetched offset = 34: consumed offset = 34
INFO eshop-cache-group_jiangchuyoudeMacBook-Pro.local-1602158010212-ae69d6dc_watcher_executor kafka.consumer.ZookeeperConsumerConnector - [eshop-cache-group_jiangchuyoudeMacBook-Pro.local-1602158010212-ae69d6dc], end rebalancing consumer eshop-cache-group_jiangchuyoudeMacBook-Pro.local-1602158010212-ae69d6dc try #0
INFO eshop-cache-group_jiangchuyoudeMacBook-Pro.local-1602158010212-ae69d6dc-leader-finder-thread kafka.consumer.ConsumerFetcherManager$LeaderFinderThread - [eshop-cache-group_jiangchuyoudeMacBook-Pro.local-1602158010212-ae69d6dc-leader-finder-thread], Starting 
INFO eshop-cache-group_jiangchuyoudeMacBook-Pro.local-1602158010212-ae69d6dc-leader-finder-thread kafka.utils.VerifiableProperties - Verifying properties
INFO eshop-cache-group_jiangchuyoudeMacBook-Pro.local-1602158010212-ae69d6dc-leader-finder-thread kafka.utils.VerifiableProperties - Property client.id is overridden to eshop-cache-group
INFO eshop-cache-group_jiangchuyoudeMacBook-Pro.local-1602158010212-ae69d6dc-leader-finder-thread kafka.utils.VerifiableProperties - Property metadata.broker.list is overridden to eshop-cache01:9092,eshop-cache02:9092,eshop-cache03:9092
INFO eshop-cache-group_jiangchuyoudeMacBook-Pro.local-1602158010212-ae69d6dc-leader-finder-thread kafka.utils.VerifiableProperties - Property request.timeout.ms is overridden to 30000
INFO eshop-cache-group_jiangchuyoudeMacBook-Pro.local-1602158010212-ae69d6dc-leader-finder-thread kafka.client.ClientUtils$ - Fetching metadata from broker id:3,host:eshop-cache03,port:9092 with correlation id 2 for 1 topic(s) Set(cache-message)
INFO eshop-cache-group_jiangchuyoudeMacBook-Pro.local-1602158010212-ae69d6dc-leader-finder-thread kafka.producer.SyncProducer - Connected to eshop-cache03:9092 for producing
INFO eshop-cache-group_jiangchuyoudeMacBook-Pro.local-1602158010212-ae69d6dc-leader-finder-thread kafka.producer.SyncProducer - Disconnecting from eshop-cache03:9092
INFO ConsumerFetcherThread-eshop-cache-group_jiangchuyoudeMacBook-Pro.local-1602158010212-ae69d6dc-0-3 kafka.consumer.ConsumerFetcherThread - [ConsumerFetcherThread-eshop-cache-group_jiangchuyoudeMacBook-Pro.local-1602158010212-ae69d6dc-0-3], Starting 
INFO eshop-cache-group_jiangchuyoudeMacBook-Pro.local-1602158010212-ae69d6dc-leader-finder-thread kafka.consumer.ConsumerFetcherManager - [ConsumerFetcherManager-1602158040276] Added fetcher for partitions ArrayBuffer([[cache-message,0], initOffset 34 to broker id:3,host:eshop-cache03,port:9092] )
